[INFO][2014-04-07 21:23:37]#####################################################
[INFO][2014-04-07 21:23:37]\/\/\/\/\/\/---TestCase = TestJDDataDriven---\/\/\/\/\/\/
[INFO][2014-04-07 21:23:42]keyword=巧克力
[INFO][2014-04-07 21:23:42]WebDriver navigating to:'http://www.jd.com'
[INFO][2014-04-07 21:23:48]WebDriver changing value in element found By.id: key from '太阳镜' to '巧克力'
[INFO][2014-04-07 21:23:50]WebDriver clicking on:'xpath: //input[@value='搜索']'
[INFO][2014-04-07 21:23:50]actual_procut_name=意大利进口FerreroRocher费列罗榛果威化巧克力16粒装200g京东自营，品质保证 新货 喜糖 婚庆 新年 春节 情人节 节日必备
[INFO][2014-04-07 21:23:50]--------------------------------
[INFO][2014-04-07 21:23:53]keyword=饼
[INFO][2014-04-07 21:23:53]WebDriver navigating to:'http://www.jd.com'
[INFO][2014-04-07 21:23:56]WebDriver changing value in element found By.id: key from '太阳镜' to '太阳镜饼'
[INFO][2014-04-07 21:23:58]WebDriver clicking on:'xpath: //input[@value='搜索']'
[INFO][2014-04-07 21:23:58]actual_procut_name=GUCCI 古驰 女款时尚好莱坞魅力竹节镜架圆形太阳镜 亮黑
[INFO][2014-04-07 21:24:01]keyword=糕
[INFO][2014-04-07 21:24:01]WebDriver navigating to:'http://www.jd.com'
[INFO][2014-04-07 21:24:06]WebDriver changing value in element found By.id: key from 'BEATS耳机' to 'BEATS耳机糕'
[INFO][2014-04-07 21:24:07]WebDriver clicking on:'xpath: //input[@value='搜索']'
[INFO][2014-04-07 21:24:12]keyword=蛋
[INFO][2014-04-07 21:24:12]WebDriver navigating to:'http://www.jd.com'
[INFO][2014-04-07 21:24:15]WebDriver changing value in element found By.id: key from '美菱冰箱' to '蛋'
[INFO][2014-04-07 21:24:17]WebDriver clicking on:'xpath: //input[@value='搜索']'
[INFO][2014-04-07 21:24:17]actual_procut_name=九阳（Joyoung） JK-L01 立式煎蛋器 Q弹蛋卷超便捷 超健康 超神奇 超多滋的营养早餐神奇！
[INFO][2014-04-07 21:24:17]--------------------------------
[INFO][2014-04-07 21:24:17]/\/\/\/\/\/\---TestCase = TestJDDataDriven---/\/\/\/\/\/\
[INFO][2014-04-07 21:24:17]#####################################################
[INFO][2014-04-07 21:24:54]#####################################################
[INFO][2014-04-07 21:24:54]\/\/\/\/\/\/---TestCase = TestJDDataDriven---\/\/\/\/\/\/
[INFO][2014-04-07 21:24:57]keyword=巧克力
[INFO][2014-04-07 21:24:57]WebDriver navigating to:'http://www.jd.com'
[INFO][2014-04-07 21:25:00]WebDriver changing value in element found By.id: key from '0元购机' to ''
[INFO][2014-04-07 21:25:00]WebDriver changing value in element found By.id: key from '' to '巧克力'
[INFO][2014-04-07 21:25:01]WebDriver clicking on:'xpath: //input[@value='搜索']'
[INFO][2014-04-07 21:25:02]actual_procut_name=意大利进口FerreroRocher费列罗榛果威化巧克力16粒装200g京东自营，品质保证 新货 喜糖 婚庆 新年 春节 情人节 节日必备
[INFO][2014-04-07 21:25:02]--------------------------------
[INFO][2014-04-07 21:25:04]keyword=饼
[INFO][2014-04-07 21:25:04]WebDriver navigating to:'http://www.jd.com'
[INFO][2014-04-07 21:25:08]WebDriver changing value in element found By.id: key from '0元购机' to ''
[INFO][2014-04-07 21:25:08]WebDriver changing value in element found By.id: key from '' to '饼'
[INFO][2014-04-07 21:25:08]WebDriver clicking on:'xpath: //input[@value='搜索']'
[INFO][2014-04-07 21:25:10]actual_procut_name=友臣金丝肉松饼208g
[INFO][2014-04-07 21:25:10]--------------------------------
[INFO][2014-04-07 21:25:12]keyword=糕
[INFO][2014-04-07 21:25:12]WebDriver navigating to:'http://www.jd.com'
[INFO][2014-04-07 21:25:15]WebDriver changing value in element found By.id: key from '太阳镜' to ''
[INFO][2014-04-07 21:25:15]WebDriver changing value in element found By.id: key from '' to '糕'
[INFO][2014-04-07 21:25:17]WebDriver clicking on:'xpath: //input[@value='搜索']'
[INFO][2014-04-07 21:25:17]actual_procut_name=椰子糕 海南特产 南国 原味椰子糕 椰子软糖类 香滑爽口 200g满39包邮、满68送口水娃500g锅巴、满128送善味阁250g凤爪
[INFO][2014-04-07 21:25:17]--------------------------------
[INFO][2014-04-07 21:25:19]keyword=蛋
[INFO][2014-04-07 21:25:19]WebDriver navigating to:'http://www.jd.com'
[INFO][2014-04-07 21:25:22]WebDriver changing value in element found By.id: key from '0元购机' to ''
[INFO][2014-04-07 21:25:22]WebDriver changing value in element found By.id: key from '' to '蛋'
[INFO][2014-04-07 21:25:24]WebDriver clicking on:'xpath: //input[@value='搜索']'
[INFO][2014-04-07 21:25:24]actual_procut_name=九阳（Joyoung） JK-L01 立式煎蛋器 Q弹蛋卷超便捷 超健康 超神奇 超多滋的营养早餐神奇！
[INFO][2014-04-07 21:25:24]--------------------------------
[INFO][2014-04-07 21:25:24]/\/\/\/\/\/\---TestCase = TestJDDataDriven---/\/\/\/\/\/\
[INFO][2014-04-07 21:25:24]#####################################################
[INFO][2014-04-07 21:27:47]#####################################################
[INFO][2014-04-07 21:27:47]\/\/\/\/\/\/---TestCase = TestJDDataDriven3---\/\/\/\/\/\/
[INFO][2014-04-07 21:27:50]keyword=巧克力
[INFO][2014-04-07 21:27:50]WebDriver navigating to:'http://www.jd.com'
[INFO][2014-04-07 21:27:53]keyword=糕
[INFO][2014-04-07 21:27:53]WebDriver navigating to:'http://www.jd.com'
[INFO][2014-04-07 21:28:04]keyword=蛋
[INFO][2014-04-07 21:28:04]WebDriver navigating to:'http://www.jd.com'
[INFO][2014-04-07 21:28:16]WebDriver changing value in element found By.id: key from '0元购机' to ''
[INFO][2014-04-07 21:28:18]keyword=饼
[INFO][2014-04-07 21:28:18]WebDriver navigating to:'http://www.jd.com'
[INFO][2014-04-07 21:28:25]WebDriver changing value in element found By.id: key from '0元购机' to ''
[INFO][2014-04-07 21:28:27]WebDriver changing value in element found By.id: key from '0元购机' to '0元购机巧克力'
[INFO][2014-04-07 21:28:31]WebDriver changing value in element found By.id: key from '太阳镜' to ''
[INFO][2014-04-07 21:28:31]WebDriver clicking on:'xpath: //input[@value='搜索']'
[INFO][2014-04-07 21:28:31]WebDriver changing value in element found By.id: key from '0元购机' to ''
[INFO][2014-04-07 21:28:31]WebDriver changing value in element found By.id: key from '' to '糕'
[INFO][2014-04-07 21:28:32]WebDriver changing value in element found By.xpath: .//*[@id='plist']//li from '' to '饼'
[INFO][2014-04-07 21:28:32]WebDriver clicking on:'xpath: //input[@value='搜索']'
[INFO][2014-04-07 21:28:32]WebDriver changing value in element found By.id: key from '' to '蛋'
[INFO][2014-04-07 21:28:32]WebDriver clicking on:'xpath: //input[@value='搜索']'
[INFO][2014-04-07 21:28:35]actual_procut_name=友臣金丝肉松饼208g
[INFO][2014-04-07 21:28:35]WebDriver clicking on:'xpath: //input[@value='搜索']'
[INFO][2014-04-07 21:28:35]actual_procut_name=友臣金丝肉松饼208g
[INFO][2014-04-07 21:28:35]--------------------------------
[INFO][2014-04-07 21:28:35]actual_procut_name=友臣金丝肉松饼208g
[INFO][2014-04-07 21:28:35]/\/\/\/\/\/\---TestCase = TestJDDataDriven3---/\/\/\/\/\/\
[INFO][2014-04-07 21:28:35]#####################################################
[INFO][2014-04-07 21:30:18]#####################################################
[INFO][2014-04-07 21:30:18]\/\/\/\/\/\/---TestCase = TestJDDataDriven3---\/\/\/\/\/\/
[INFO][2014-04-07 21:30:23]keyword=巧克力
[INFO][2014-04-07 21:30:23]WebDriver navigating to:'http://www.jd.com'
[INFO][2014-04-07 21:30:26]keyword=糕
[INFO][2014-04-07 21:30:26]WebDriver navigating to:'http://www.jd.com'
[INFO][2014-04-07 21:30:28]keyword=饼
[INFO][2014-04-07 21:30:28]WebDriver navigating to:'http://www.jd.com'
[INFO][2014-04-07 21:30:31]WebDriver changing value in element found By.id: key from '美菱冰箱' to ''
[INFO][2014-04-07 21:30:31]WebDriver changing value in element found By.id: key from 'BEATS耳机' to ''
[INFO][2014-04-07 21:30:31]keyword=蛋
[INFO][2014-04-07 21:30:31]WebDriver navigating to:'http://www.jd.com'
[INFO][2014-04-07 21:30:31]WebDriver changing value in element found By.id: key from '太阳镜' to ''
[INFO][2014-04-07 21:30:31]WebDriver changing value in element found By.id: key from '' to '饼'
[INFO][2014-04-07 21:30:31]WebDriver changing value in element found By.id: key from '' to '糕'
[INFO][2014-04-07 21:30:40]WebDriver clicking on:'xpath: //input[@value='搜索']'
[INFO][2014-04-07 21:30:40]WebDriver changing value in element found By.id: key from '防晒霜' to ''
[INFO][2014-04-07 21:30:40]WebDriver changing value in element found By.id: key from '' to '巧克力'
[INFO][2014-04-07 21:30:40]WebDriver changing value in element found By.xpath: .//*[@id='plist']//li from '' to '蛋'
[INFO][2014-04-07 21:30:40]WebDriver clicking on:'xpath: //input[@value='搜索']'
[INFO][2014-04-07 21:30:43]WebDriver clicking on:'xpath: //input[@value='搜索']'
[INFO][2014-04-07 21:30:45]actual_procut_name=九阳（Joyoung） JK-L01 立式煎蛋器 Q弹蛋卷超便捷 超健康 超神奇 超多滋的营养早餐神奇！
[INFO][2014-04-07 21:30:45]WebDriver clicking on:'xpath: //input[@value='搜索']'
[ERROR][2014-04-07 21:30:45]WebDriver error:
org.openqa.selenium.remote.UnreachableBrowserException: Error communicating with the remote browser. It may have died.
Build info: version: '2.41.0', revision: '3192d8a6c4449dc285928ba024779344f5423c58', time: '2014-03-27 11:29:39'
System info: host: 'zhangmatoiMac.local', ip: '192.168.0.104', os.name: 'Mac OS X', os.arch: 'x86_64', os.version: '10.7.5', java.version: '1.6.0_65'
Driver info: driver.version: RemoteWebDriver
	at org.openqa.selenium.remote.RemoteWebDriver.execute(RemoteWebDriver.java:589)
	at org.openqa.selenium.remote.RemoteWebElement.execute(RemoteWebElement.java:268)
	at org.openqa.selenium.remote.RemoteWebElement.findElement(RemoteWebElement.java:171)
	at org.openqa.selenium.remote.RemoteWebElement.findElementByClassName(RemoteWebElement.java:228)
	at org.openqa.selenium.By$ByClassName.findElement(By.java:387)
	at org.openqa.selenium.remote.RemoteWebElement.findElement(RemoteWebElement.java:167)
	at sun.reflect.NativeMethodAccessorImpl.invoke0(Native Method)
	at sun.reflect.NativeMethodAccessorImpl.invoke(NativeMethodAccessorImpl.java:39)
	at sun.reflect.DelegatingMethodAccessorImpl.invoke(DelegatingMethodAccessorImpl.java:25)
	at java.lang.reflect.Method.invoke(Method.java:597)
	at org.openqa.selenium.support.events.EventFiringWebDriver$EventFiringWebElement$1.invoke(EventFiringWebDriver.java:331)
	at com.sun.proxy.$Proxy17.findElement(Unknown Source)
	at org.openqa.selenium.support.events.EventFiringWebDriver$EventFiringWebElement.findElement(EventFiringWebDriver.java:402)
	at simplewebtest.core.page.sample.jd.JDItemlistPage.getProductNameOf(JDItemlistPage.java:66)
	at simplewebtest.core.page.sample.jd.JDItemlistPage.getProductNameByIndexMethodTwo(JDItemlistPage.java:61)
	at simplewebtest.test.testcases.sample.jd.TestJDDataDriven3.searchProduct(TestJDDataDriven3.java:28)
	at sun.reflect.NativeMethodAccessorImpl.invoke0(Native Method)
	at sun.reflect.NativeMethodAccessorImpl.invoke(NativeMethodAccessorImpl.java:39)
	at sun.reflect.DelegatingMethodAccessorImpl.invoke(DelegatingMethodAccessorImpl.java:25)
	at java.lang.reflect.Method.invoke(Method.java:597)
	at org.testng.internal.MethodInvocationHelper.invokeMethod(MethodInvocationHelper.java:84)
	at org.testng.internal.Invoker.invokeMethod(Invoker.java:714)
	at org.testng.internal.Invoker.invokeTestMethod(Invoker.java:901)
	at org.testng.internal.TestMethodWithDataProviderMethodWorker.call(TestMethodWithDataProviderMethodWorker.java:73)
	at org.testng.internal.TestMethodWithDataProviderMethodWorker.call(TestMethodWithDataProviderMethodWorker.java:14)
	at java.util.concurrent.FutureTask$Sync.innerRun(FutureTask.java:303)
	at java.util.concurrent.FutureTask.run(FutureTask.java:138)
	at java.util.concurrent.Executors$RunnableAdapter.call(Executors.java:439)
	at java.util.concurrent.FutureTask$Sync.innerRun(FutureTask.java:303)
	at java.util.concurrent.FutureTask.run(FutureTask.java:138)
	at java.util.concurrent.ThreadPoolExecutor$Worker.runTask(ThreadPoolExecutor.java:895)
	at java.util.concurrent.ThreadPoolExecutor$Worker.run(ThreadPoolExecutor.java:918)
	at java.lang.Thread.run(Thread.java:695)
Caused by: org.apache.http.ConnectionClosedException: Premature end of Content-Length delimited message body (expected: 150; received: 0
	at org.apache.http.impl.io.ContentLengthInputStream.read(ContentLengthInputStream.java:180)
	at org.apache.http.conn.EofSensorInputStream.read(EofSensorInputStream.java:137)
	at org.apache.http.conn.EofSensorInputStream.read(EofSensorInputStream.java:150)
	at org.apache.http.util.EntityUtils.toByteArray(EntityUtils.java:136)
	at org.openqa.selenium.remote.HttpCommandExecutor$EntityWithEncoding.<init>(HttpCommandExecutor.java:410)
	at org.openqa.selenium.remote.HttpCommandExecutor.execute(HttpCommandExecutor.java:306)
	at org.openqa.selenium.firefox.internal.NewProfileExtensionConnection.execute(NewProfileExtensionConnection.java:165)
	at org.openqa.selenium.firefox.FirefoxDriver$LazyCommandExecutor.execute(FirefoxDriver.java:362)
	at org.openqa.selenium.remote.RemoteWebDriver.execute(RemoteWebDriver.java:568)
	... 32 more
[ERROR][2014-04-07 21:30:45]WebDriver error:
org.openqa.selenium.remote.UnreachableBrowserException: Error communicating with the remote browser. It may have died.
Build info: version: '2.41.0', revision: '3192d8a6c4449dc285928ba024779344f5423c58', time: '2014-03-27 11:29:39'
System info: host: 'zhangmatoiMac.local', ip: '192.168.0.104', os.name: 'Mac OS X', os.arch: 'x86_64', os.version: '10.7.5', java.version: '1.6.0_65'
Driver info: driver.version: RemoteWebDriver
	at org.openqa.selenium.remote.RemoteWebDriver.execute(RemoteWebDriver.java:589)
	at org.openqa.selenium.remote.RemoteWebElement.execute(RemoteWebElement.java:268)
	at org.openqa.selenium.remote.RemoteWebElement.getText(RemoteWebElement.java:152)
	at sun.reflect.NativeMethodAccessorImpl.invoke0(Native Method)
	at sun.reflect.NativeMethodAccessorImpl.invoke(NativeMethodAccessorImpl.java:39)
	at sun.reflect.DelegatingMethodAccessorImpl.invoke(DelegatingMethodAccessorImpl.java:25)
	at java.lang.reflect.Method.invoke(Method.java:597)
	at org.openqa.selenium.support.events.EventFiringWebDriver$EventFiringWebElement$1.invoke(EventFiringWebDriver.java:331)
	at com.sun.proxy.$Proxy17.getText(Unknown Source)
	at org.openqa.selenium.support.events.EventFiringWebDriver$EventFiringWebElement.getText(EventFiringWebDriver.java:381)
	at simplewebtest.core.page.sample.jd.JDItemlistPage.getProductNameOf(JDItemlistPage.java:66)
	at simplewebtest.core.page.sample.jd.JDItemlistPage.getProductNameByIndexMethodTwo(JDItemlistPage.java:61)
	at simplewebtest.test.testcases.sample.jd.TestJDDataDriven3.searchProduct(TestJDDataDriven3.java:28)
	at sun.reflect.NativeMethodAccessorImpl.invoke0(Native Method)
	at sun.reflect.NativeMethodAccessorImpl.invoke(NativeMethodAccessorImpl.java:39)
	at sun.reflect.DelegatingMethodAccessorImpl.invoke(DelegatingMethodAccessorImpl.java:25)
	at java.lang.reflect.Method.invoke(Method.java:597)
	at org.testng.internal.MethodInvocationHelper.invokeMethod(MethodInvocationHelper.java:84)
	at org.testng.internal.Invoker.invokeMethod(Invoker.java:714)
	at org.testng.internal.Invoker.invokeTestMethod(Invoker.java:901)
	at org.testng.internal.TestMethodWithDataProviderMethodWorker.call(TestMethodWithDataProviderMethodWorker.java:73)
	at org.testng.internal.TestMethodWithDataProviderMethodWorker.call(TestMethodWithDataProviderMethodWorker.java:14)
	at java.util.concurrent.FutureTask$Sync.innerRun(FutureTask.java:303)
	at java.util.concurrent.FutureTask.run(FutureTask.java:138)
	at java.util.concurrent.Executors$RunnableAdapter.call(Executors.java:439)
	at java.util.concurrent.FutureTask$Sync.innerRun(FutureTask.java:303)
	at java.util.concurrent.FutureTask.run(FutureTask.java:138)
	at java.util.concurrent.ThreadPoolExecutor$Worker.runTask(ThreadPoolExecutor.java:895)
	at java.util.concurrent.ThreadPoolExecutor$Worker.run(ThreadPoolExecutor.java:918)
	at java.lang.Thread.run(Thread.java:695)
Caused by: org.apache.http.ConnectionClosedException: Premature end of Content-Length delimited message body (expected: 214; received: 0
	at org.apache.http.impl.io.ContentLengthInputStream.read(ContentLengthInputStream.java:180)
	at org.apache.http.conn.EofSensorInputStream.read(EofSensorInputStream.java:137)
	at org.apache.http.conn.EofSensorInputStream.read(EofSensorInputStream.java:150)
	at org.apache.http.util.EntityUtils.toByteArray(EntityUtils.java:136)
	at org.openqa.selenium.remote.HttpCommandExecutor$EntityWithEncoding.<init>(HttpCommandExecutor.java:410)
	at org.openqa.selenium.remote.HttpCommandExecutor.execute(HttpCommandExecutor.java:306)
	at org.openqa.selenium.firefox.internal.NewProfileExtensionConnection.execute(NewProfileExtensionConnection.java:165)
	at org.openqa.selenium.firefox.FirefoxDriver$LazyCommandExecutor.execute(FirefoxDriver.java:362)
	at org.openqa.selenium.remote.RemoteWebDriver.execute(RemoteWebDriver.java:568)
	... 29 more
[INFO][2014-04-07 21:30:45]/\/\/\/\/\/\---TestCase = TestJDDataDriven3---/\/\/\/\/\/\
[INFO][2014-04-07 21:30:45]#####################################################
